<?xml version="1.0" encoding="UTF-8"?>
<!-- Generated by org.testng.reporters.JUnitReportReporter -->
<testsuite skipped="0" hostname="NL03087" name="E2E.QaClick.LoginTest" tests="3" failures="0" timestamp="14 Jul 2020 13:28:25 GMT" time="36.721" errors="0">
  <testcase name="clickSignin" time="12.719" classname="E2E.QaClick.LoginTest"/>
  <testcase name="checktext" time="12.380" classname="E2E.QaClick.LoginTest"/>
  <testcase name="clickSignin" time="11.622" classname="E2E.QaClick.LoginTest"/>
</testsuite> <!-- E2E.QaClick.LoginTest -->
