<?xml version="1.0" encoding="UTF-8"?>
<!-- Generated by org.testng.reporters.JUnitReportReporter -->
<testsuite skipped="0" hostname="NL03087" name="E2E.QaClick.LoginTest" tests="3" failures="0" timestamp="2020-07-14T15:56:52 CEST" time="47.842" errors="0">
  <testcase name="clickSignin" time="18.886" classname="E2E.QaClick.LoginTest"/>
  <system-out/>
  <testcase name="checktext" time="16.188" classname="E2E.QaClick.LoginTest"/>
  <system-out/>
  <testcase name="clickSignin" time="12.768" classname="E2E.QaClick.LoginTest"/>
  <system-out/>
</testsuite> <!-- E2E.QaClick.LoginTest -->
