<?xml version="1.0" encoding="UTF-8"?>
<!-- Generated by org.testng.reporters.JUnitReportReporter -->
<testsuite skipped="0" hostname="NL03087" name="Maven.Selenium.test2Test" tests="3" failures="0" timestamp="2020-07-09T11:42:41 CEST" time="0.002" errors="0">
  <testcase name="test2m1" time="0.001" classname="Maven.Selenium.test2Test"/>
  <system-out/>
  <testcase name="tes2m3" time="0.001" classname="Maven.Selenium.test2Test"/>
  <system-out/>
  <testcase name="test2m2" time="0.000" classname="Maven.Selenium.test2Test"/>
  <system-out/>
</testsuite> <!-- Maven.Selenium.test2Test -->
