<?xml version="1.0" encoding="UTF-8"?>
<!-- Generated by org.testng.reporters.JUnitReportReporter -->
<testsuite skipped="0" hostname="NL03087" name="E2E.QaClick.Homepage" tests="1" failures="0" timestamp="30 Jun 2020 12:47:30 GMT" time="13.484" errors="0">
  <testcase name="openQAClick" time="13.484" classname="E2E.QaClick.Homepage"/>
</testsuite> <!-- E2E.QaClick.Homepage -->
