<?xml version="1.0" encoding="UTF-8"?>
<!-- Generated by org.testng.reporters.JUnitReportReporter -->
<testsuite skipped="0" hostname="NL03087" name="E2E.QaClick.HomeTest" tests="1" failures="0" timestamp="2020-07-14T15:56:52 CEST" time="7.711" errors="0">
  <testcase name="checktabs" time="7.711" classname="E2E.QaClick.HomeTest"/>
  <system-out/>
</testsuite> <!-- E2E.QaClick.HomeTest -->
